<?xml version="1.0" encoding="UTF-8"?>
<!-- Generated by org.testng.reporters.JUnitReportReporter -->
<testsuite skipped="0" hostname="dell-PC" name="com.mygeo.qa.test.LoginTest" tests="4" failures="0" timestamp="05 Oct 2018 05:04:03 GMT" time="11.645" errors="0">
  <testcase name="LoginBtnTest" time="4.878" classname="com.mygeo.qa.test.LoginTest"/>
  <testcase name="WhitoutinfoTest" time="3.051" classname="com.mygeo.qa.test.LoginTest"/>
  <testcase name="MainloginpageTest" time="3.703" classname="com.mygeo.qa.test.LoginTest"/>
  <testcase name="MygeoLogoutTest" time="0.013" classname="com.mygeo.qa.test.LoginTest"/>
</testsuite> <!-- com.mygeo.qa.test.LoginTest -->
